{
  "0 debug pnpm:scope": {
    "selected": 1
  },
  "1 debug pnpm:package-manifest": {
    "initial": {
      "name": "games-app",
      "version": "0.0.1",
      "private": true,
      "scripts": {
        "dev": "vite dev",
        "build": "vite build",
        "preview": "vite preview",
        "test": "playwright test",
        "check": "svelte-kit sync && svelte-check --tsconfig ./tsconfig.json",
        "check:watch": "svelte-kit sync && svelte-check --tsconfig ./tsconfig.json --watch",
        "test:unit": "vitest",
        "lint": "prettier --plugin-search-dir . --check . && eslint .",
        "format": "prettier --plugin-search-dir . --write ."
      },
      "devDependencies": {
        "@playwright/test": "^1.28.1",
        "@sveltejs/adapter-auto": "^1.0.0",
        "@sveltejs/kit": "^1.0.0",
        "@typescript-eslint/eslint-plugin": "^5.45.0",
        "@typescript-eslint/parser": "^5.45.0",
        "eslint": "^8.28.0",
        "eslint-config-prettier": "^8.5.0",
        "eslint-plugin-svelte3": "^4.0.0",
        "prettier": "^2.8.0",
        "prettier-plugin-svelte": "^2.8.1",
        "svelte": "^3.54.0",
        "svelte-check": "^2.9.2",
        "tslib": "^2.4.1",
        "typescript": "^4.9.3",
        "vite": "^4.0.0",
        "vitest": "^0.25.3"
      },
      "type": "module"
    },
    "prefix": "C:\\Users\\Admin\\Documents\\GitHub\\games-app"
  },
  "2 debug pnpm:context": {
    "currentLockfileExists": false,
    "storeDir": "C:\\Users\\Admin\\.pnpm-store\\v3",
    "virtualStoreDir": "C:\\Users\\Admin\\Documents\\GitHub\\games-app\\node_modules\\.pnpm"
  },
  "3 debug pnpm:stage": {
    "prefix": "C:\\Users\\Admin\\Documents\\GitHub\\games-app",
    "stage": "resolution_started"
  },
  "4 debug pnpm:_dependency_resolved": {
    "resolution": "registry.npmjs.org/tslib/2.4.1",
    "wanted": {
      "dependentId": ".",
      "name": "tslib",
      "rawSpec": "^2.4.1"
    }
  },
  "5 debug pnpm:progress": {
    "packageId": "registry.npmjs.org/tslib/2.4.1",
    "requester": "C:\\Users\\Admin\\Documents\\GitHub\\games-app",
    "status": "resolved"
  },
  "6 debug pnpm:progress": {
    "packageId": "registry.npmjs.org/tslib/2.4.1",
    "requester": "C:\\Users\\Admin\\Documents\\GitHub\\games-app",
    "status": "found_in_store"
  },
  "7 debug pnpm:_dependency_resolved": {
    "resolution": "registry.npmjs.org/eslint-config-prettier/8.5.0",
    "wanted": {
      "dependentId": ".",
      "name": "eslint-config-prettier",
      "rawSpec": "^8.5.0"
    }
  },
  "8 debug pnpm:progress": {
    "packageId": "registry.npmjs.org/eslint-config-prettier/8.5.0",
    "requester": "C:\\Users\\Admin\\Documents\\GitHub\\games-app",
    "status": "resolved"
  },
  "9 debug pnpm:progress": {
    "packageId": "registry.npmjs.org/eslint-config-prettier/8.5.0",
    "requester": "C:\\Users\\Admin\\Documents\\GitHub\\games-app",
    "status": "found_in_store"
  },
  "10 debug pnpm:_dependency_resolved": {
    "resolution": "registry.npmjs.org/prettier/2.8.1",
    "wanted": {
      "dependentId": ".",
      "name": "prettier",
      "rawSpec": "^2.8.0"
    }
  },
  "11 debug pnpm:progress": {
    "packageId": "registry.npmjs.org/prettier/2.8.1",
    "requester": "C:\\Users\\Admin\\Documents\\GitHub\\games-app",
    "status": "resolved"
  },
  "12 debug pnpm:progress": {
    "packageId": "registry.npmjs.org/prettier/2.8.1",
    "requester": "C:\\Users\\Admin\\Documents\\GitHub\\games-app",
    "status": "found_in_store"
  },
  "13 debug pnpm:_dependency_resolved": {
    "resolution": "registry.npmjs.org/svelte-check/2.10.2",
    "wanted": {
      "dependentId": ".",
      "name": "svelte-check",
      "rawSpec": "^2.9.2"
    }
  },
  "14 debug pnpm:progress": {
    "packageId": "registry.npmjs.org/svelte-check/2.10.2",
    "requester": "C:\\Users\\Admin\\Documents\\GitHub\\games-app",
    "status": "resolved"
  },
  "15 debug pnpm:progress": {
    "packageId": "registry.npmjs.org/svelte-check/2.10.2",
    "requester": "C:\\Users\\Admin\\Documents\\GitHub\\games-app",
    "status": "found_in_store"
  },
  "16 debug pnpm:_dependency_resolved": {
    "resolution": "registry.npmjs.org/vitest/0.25.8",
    "wanted": {
      "dependentId": ".",
      "name": "vitest",
      "rawSpec": "^0.25.3"
    }
  },
  "17 debug pnpm:progress": {
    "packageId": "registry.npmjs.org/vitest/0.25.8",
    "requester": "C:\\Users\\Admin\\Documents\\GitHub\\games-app",
    "status": "resolved"
  },
  "18 debug pnpm:_dependency_resolved": {
    "resolution": "registry.npmjs.org/svelte/3.55.0",
    "wanted": {
      "dependentId": ".",
      "name": "svelte",
      "rawSpec": "^3.54.0"
    }
  },
  "19 debug pnpm:progress": {
    "packageId": "registry.npmjs.org/svelte/3.55.0",
    "requester": "C:\\Users\\Admin\\Documents\\GitHub\\games-app",
    "status": "resolved"
  },
  "20 debug pnpm:progress": {
    "packageId": "registry.npmjs.org/svelte/3.55.0",
    "requester": "C:\\Users\\Admin\\Documents\\GitHub\\games-app",
    "status": "found_in_store"
  },
  "21 debug pnpm:fetching-progress": {
    "attempt": 1,
    "packageId": "registry.npmjs.org/vitest/0.25.8",
    "size": 344014,
    "status": "started"
  },
  "22 debug pnpm:_dependency_resolved": {
    "resolution": "registry.npmjs.org/eslint-plugin-svelte3/4.0.0",
    "wanted": {
      "dependentId": ".",
      "name": "eslint-plugin-svelte3",
      "rawSpec": "^4.0.0"
    }
  },
  "23 debug pnpm:progress": {
    "packageId": "registry.npmjs.org/eslint-plugin-svelte3/4.0.0",
    "requester": "C:\\Users\\Admin\\Documents\\GitHub\\games-app",
    "status": "resolved"
  },
  "24 debug pnpm:progress": {
    "packageId": "registry.npmjs.org/eslint-plugin-svelte3/4.0.0",
    "requester": "C:\\Users\\Admin\\Documents\\GitHub\\games-app",
    "status": "found_in_store"
  },
  "25 debug pnpm:_dependency_resolved": {
    "resolution": "registry.npmjs.org/@sveltejs/adapter-auto/1.0.0",
    "wanted": {
      "dependentId": ".",
      "name": "@sveltejs/adapter-auto",
      "rawSpec": "^1.0.0"
    }
  },
  "26 debug pnpm:progress": {
    "packageId": "registry.npmjs.org/@sveltejs/adapter-auto/1.0.0",
    "requester": "C:\\Users\\Admin\\Documents\\GitHub\\games-app",
    "status": "resolved"
  },
  "27 debug pnpm:progress": {
    "packageId": "registry.npmjs.org/vitest/0.25.8",
    "requester": "C:\\Users\\Admin\\Documents\\GitHub\\games-app",
    "status": "fetched"
  },
  "28 debug pnpm:_dependency_resolved": {
    "resolution": "registry.npmjs.org/@playwright/test/1.29.0",
    "wanted": {
      "dependentId": ".",
      "name": "@playwright/test",
      "rawSpec": "^1.28.1"
    }
  },
  "29 debug pnpm:progress": {
    "packageId": "registry.npmjs.org/@playwright/test/1.29.0",
    "requester": "C:\\Users\\Admin\\Documents\\GitHub\\games-app",
    "status": "resolved"
  },
  "30 debug pnpm:progress": {
    "packageId": "registry.npmjs.org/@playwright/test/1.29.0",
    "requester": "C:\\Users\\Admin\\Documents\\GitHub\\games-app",
    "status": "found_in_store"
  },
  "31 debug pnpm:_dependency_resolved": {
    "resolution": "registry.npmjs.org/@typescript-eslint/parser/5.46.1",
    "wanted": {
      "dependentId": ".",
      "name": "@typescript-eslint/parser",
      "rawSpec": "^5.45.0"
    }
  },
  "32 debug pnpm:progress": {
    "packageId": "registry.npmjs.org/@typescript-eslint/parser/5.46.1",
    "requester": "C:\\Users\\Admin\\Documents\\GitHub\\games-app",
    "status": "resolved"
  },
  "33 debug pnpm:progress": {
    "packageId": "registry.npmjs.org/@typescript-eslint/parser/5.46.1",
    "requester": "C:\\Users\\Admin\\Documents\\GitHub\\games-app",
    "status": "found_in_store"
  },
  "34 debug pnpm:_dependency_resolved": {
    "resolution": "registry.npmjs.org/typescript/4.9.4",
    "wanted": {
      "dependentId": ".",
      "name": "typescript",
      "rawSpec": "^4.9.3"
    }
  },
  "35 debug pnpm:progress": {
    "packageId": "registry.npmjs.org/typescript/4.9.4",
    "requester": "C:\\Users\\Admin\\Documents\\GitHub\\games-app",
    "status": "resolved"
  },
  "36 debug pnpm:progress": {
    "packageId": "registry.npmjs.org/typescript/4.9.4",
    "requester": "C:\\Users\\Admin\\Documents\\GitHub\\games-app",
    "status": "found_in_store"
  },
  "37 debug pnpm:_dependency_resolved": {
    "resolution": "registry.npmjs.org/eslint/8.30.0",
    "wanted": {
      "dependentId": ".",
      "name": "eslint",
      "rawSpec": "^8.28.0"
    }
  },
  "38 debug pnpm:progress": {
    "packageId": "registry.npmjs.org/eslint/8.30.0",
    "requester": "C:\\Users\\Admin\\Documents\\GitHub\\games-app",
    "status": "resolved"
  },
  "39 debug pnpm:progress": {
    "packageId": "registry.npmjs.org/eslint/8.30.0",
    "requester": "C:\\Users\\Admin\\Documents\\GitHub\\games-app",
    "status": "found_in_store"
  },
  "40 debug pnpm:_dependency_resolved": {
    "resolution": "registry.npmjs.org/@sveltejs/kit/1.0.1",
    "wanted": {
      "dependentId": ".",
      "name": "@sveltejs/kit",
      "rawSpec": "^1.0.0"
    }
  },
  "41 warn pnpm:install-check": {
    "message": "Unsupported engine for registry.npmjs.org/@sveltejs/kit/1.0.1: wanted: {\"node\":\"^16.14 || >=18\"} (current: {\"node\":\"v17.3.0\",\"pnpm\":\"6.11.0\"})",
    "prefix": "C:\\Users\\Admin\\Documents\\GitHub\\games-app"
  },
  "42 error pnpm": {
    "code": "ERR_PNPM_UNSUPPORTED_ENGINE",
    "packageId": "registry.npmjs.org/@sveltejs/kit/1.0.1",
    "wanted": {
      "node": "^16.14 || >=18"
    },
    "current": {
      "node": "v17.3.0",
      "pnpm": "6.11.0"
    },
    "err": {
      "name": "Error",
      "message": "Unsupported engine for registry.npmjs.org/@sveltejs/kit/1.0.1: wanted: {\"node\":\"^16.14 || >=18\"} (current: {\"node\":\"v17.3.0\",\"pnpm\":\"6.11.0\"})",
      "code": "ERR_PNPM_UNSUPPORTED_ENGINE",
      "stack": "Error: Unsupported engine for registry.npmjs.org/@sveltejs/kit/1.0.1: wanted: {\"node\":\"^16.14 || >=18\"} (current: {\"node\":\"v17.3.0\",\"pnpm\":\"6.11.0\"})\n    at Object.checkEngine [as default] (C:\\Users\\Admin\\.node\\corepack\\pnpm\\6.11.0\\dist\\pnpm.cjs:35213:16)\n    at checkPackage (C:\\Users\\Admin\\.node\\corepack\\pnpm\\6.11.0\\dist\\pnpm.cjs:35357:99)\n    at Object.packageIsInstallable [as default] (C:\\Users\\Admin\\.node\\corepack\\pnpm\\6.11.0\\dist\\pnpm.cjs:35327:20)\n    at resolveDependency (C:\\Users\\Admin\\.node\\corepack\\pnpm\\6.11.0\\dist\\pnpm.cjs:110715:81)\n    at runMicrotasks (<anonymous>)\n    at processTicksAndRejections (node:internal/process/task_queues:96:5)\n    at async resolveDependenciesOfDependency (C:\\Users\\Admin\\.node\\corepack\\pnpm\\6.11.0\\dist\\pnpm.cjs:110452:39)\n    at async Promise.all (index 2)\n    at async Object.resolveDependencies [as default] (C:\\Users\\Admin\\.node\\corepack\\pnpm\\6.11.0\\dist\\pnpm.cjs:110422:29)\n    at async C:\\Users\\Admin\\.node\\corepack\\pnpm\\6.11.0\\dist\\pnpm.cjs:110937:47"
    }
  }
}